<?xml version="1.0" encoding="UTF-8" ?>
<testsuite failures="1" time="6.573" errors="0" skipped="0" tests="9" name="org.bonitasoft.engine.test.LocalIntegrationTests">
  <properties>
[...]
</properties>
  <testcase time="1.841" classname="org.bonitasoft.engine.platform.PlatformTest" name="testIsPlatformCreated"/>
  <testcase time="0.128" classname="org.bonitasoft.engine.identity.UserTest" name="getUserAfterAdding"/>
  <testcase time="0.295" classname="org.bonitasoft.engine.identity.UserTest" name="loginFailsUsingWrongTenant"/>
  <testcase time="0.296" classname="org.bonitasoft.engine.identity.UserTest" name="loginFailsUsingWrongUser"/>
  <testcase time="0.308" classname="org.bonitasoft.engine.identity.UserTest" name="loginFailsUsingWrongPassword"/>
  <testcase time="0" classname="org.bonitasoft.engine.identity.UserTest" name="useAFakeSessionId"/>
  <testcase time="0.002" classname="org.bonitasoft.engine.identity.UserTest" name="useAFakeSession">
    <failure message="Expected exception: java.lang.Exception" type="java.lang.AssertionError">java.lang.AssertionError: Expected exception: java.lang.Exception
	at org.junit.internal.runners.statements.ExpectException.evaluate(ExpectException.java:35)
	at org.junit.runners.ParentRunner.runLeaf(ParentRunner.java:263)
	at org.junit.runners.BlockJUnit4ClassRunner.runChild(BlockJUnit4ClassRunner.java:68)
	at org.junit.runners.BlockJUnit4ClassRunner.runChild(BlockJUnit4ClassRunner.java:47)
	at org.junit.runners.ParentRunner$3.run(ParentRunner.java:231)
	at org.junit.runners.ParentRunner$1.schedule(ParentRunner.java:60)
	at org.junit.runners.ParentRunner.runChildren(ParentRunner.java:229)
	at org.junit.runners.ParentRunner.access$000(ParentRunner.java:50)
	at org.junit.runners.ParentRunner$2.evaluate(ParentRunner.java:222)
	at org.junit.internal.runners.statements.RunBefores.evaluate(RunBefores.java:28)
	at org.junit.internal.runners.statements.RunAfters.evaluate(RunAfters.java:30)
	at org.junit.runners.ParentRunner.run(ParentRunner.java:300)
	at org.junit.runners.Suite.runChild(Suite.java:128)
	at org.junit.runners.Suite.runChild(Suite.java:24)
	at org.junit.runners.ParentRunner$3.run(ParentRunner.java:231)
	at org.junit.runners.ParentRunner$1.schedule(ParentRunner.java:60)
	at org.junit.runners.ParentRunner.runChildren(ParentRunner.java:229)
	at org.junit.runners.ParentRunner.access$000(ParentRunner.java:50)
	at org.junit.runners.ParentRunner$2.evaluate(ParentRunner.java:222)
	at org.junit.runners.ParentRunner.run(ParentRunner.java:300)
	at org.junit.runners.Suite.runChild(Suite.java:128)
	at org.junit.runners.Suite.runChild(Suite.java:24)
	at org.junit.runners.ParentRunner$3.run(ParentRunner.java:231)
	at org.junit.runners.ParentRunner$1.schedule(ParentRunner.java:60)
	at org.junit.runners.ParentRunner.runChildren(ParentRunner.java:229)
	at org.junit.runners.ParentRunner.access$000(ParentRunner.java:50)
	at org.junit.runners.ParentRunner$2.evaluate(ParentRunner.java:222)
	at org.junit.runners.ParentRunner.run(ParentRunner.java:300)
	at org.apache.maven.surefire.junit4.JUnit4TestSet.execute(JUnit4TestSet.java:53)
	at org.apache.maven.surefire.junit4.JUnit4Provider.executeTestSet(JUnit4Provider.java:123)
	at org.apache.maven.surefire.junit4.JUnit4Provider.invoke(JUnit4Provider.java:104)
	at sun.reflect.NativeMethodAccessorImpl.invoke0(Native Method)
	at sun.reflect.NativeMethodAccessorImpl.invoke(NativeMethodAccessorImpl.java:39)
	at sun.reflect.DelegatingMethodAccessorImpl.invoke(DelegatingMethodAccessorImpl.java:25)
	at java.lang.reflect.Method.invoke(Method.java:597)
	at org.apache.maven.surefire.util.ReflectionUtils.invokeMethodWithArray(ReflectionUtils.java:164)
	at org.apache.maven.surefire.booter.ProviderFactory$ProviderProxy.invoke(ProviderFactory.java:110)
	at org.apache.maven.surefire.booter.SurefireStarter.invokeProvider(SurefireStarter.java:172)
	at org.apache.maven.surefire.booter.SurefireStarter.runSuitesInProcessWhenForked(SurefireStarter.java:104)
	at org.apache.maven.surefire.booter.ForkedBooter.main(ForkedBooter.java:70)
</failure>
  </testcase>
  <testcase time="0" classname="org.bonitasoft.engine.identity.UserTest" name="testCreateAndGetUsers"/>
  <testcase time="0" classname="org.bonitasoft.engine.identity.UserTest" name="testCreateUserAndGetUserByUserName"/>
</testsuite>